<?xml version="1.0" encoding="UTF-8"?>
<!-- Generated by org.testng.reporters.JUnitReportReporter -->
<testsuite hostname="Muammer-MacBook-Pro.local" failures="0" tests="1" name="TestPractice.TestNGParameter" time="0.019" errors="0" timestamp="06 Jun 2019 23:56:13 GMT" skipped="0">
  <testcase classname="TestPractice.TestNGParameter" name="login" time="0.019"/>
</testsuite> <!-- TestPractice.TestNGParameter -->
