<?xml version="1.0" encoding="UTF-8"?>
<!-- Generated by org.testng.reporters.JUnitReportReporter -->
<testsuite hostname="Muammer-MacBook-Pro.local" failures="0" tests="3" name="TestNG.TestNGAnnotation" time="0.013" errors="0" timestamp="06 Jun 2019 23:38:38 GMT" skipped="0">
  <testcase classname="TestNG.TestNGAnnotation" name="test1" time="0.008"/>
  <testcase classname="TestNG.TestNGAnnotation" name="test2" time="0.002"/>
  <testcase classname="TestNG.TestNGAnnotation" name="test7" time="0.003"/>
</testsuite> <!-- TestNG.TestNGAnnotation -->
